# JRE version: OpenJDK Runtime Environment Microsoft-8035246 (17.0.8+7) (build 17.0.8+7-LTS)
# Java VM: OpenJDK 64-Bit Server VM Microsoft-8035246 (17.0.8+7-LTS, mixed mode, sharing, tiered, compressed oops, compressed class ptrs, g1 gc, windows-amd64)
GC Precious Log:
 CPUs: 8 total, 8 available
 Memory: 16132M
 Large Page Support: Disabled
 NUMA Support: Disabled
 Compressed Oops: Enabled (32-bit)
 Heap Region Size: 1M
 Heap Min Capacity: 8M
 Heap Initial Capacity: 254M
 Heap Max Capacity: 2G
 Pre-touch: Disabled
 Parallel Workers: 8
 Concurrent Workers: 2
 Concurrent Refinement Workers: 8
 Periodic GC: Disabled
Heap:
 garbage-first heap   total 349184K, used 225197K [0x0000000080000000, 0x0000000100000000)
  region size 1024K, 30 young (30720K), 2 survivors (2048K)
 Metaspace       used 102052K, committed 103232K, reserved 557056K
  class space    used 14266K, committed 14848K, reserved 425984K
GC Heap History (20 events):
Event: 120.092 GC heap before
{Heap before GC invocations=72 (full 0):
 garbage-first heap   total 276480K, used 171445K [0x0000000080000000, 0x0000000100000000)
  region size 1024K, 13 young (13312K), 3 survivors (3072K)
 Metaspace       used 93101K, committed 94208K, reserved 557056K
  class space    used 13046K, committed 13568K, reserved 425984K
}
Event: 120.096 GC heap after
{Heap after GC invocations=73 (full 0):
 garbage-first heap   total 276480K, used 163155K [0x0000000080000000, 0x0000000100000000)
  region size 1024K, 2 young (2048K), 2 survivors (2048K)
 Metaspace       used 93101K, committed 94208K, reserved 557056K
  class space    used 13046K, committed 13568K, reserved 425984K
}
Event: 120.220 GC heap before
{Heap before GC invocations=73 (full 0):
 garbage-first heap   total 276480K, used 167251K [0x0000000080000000, 0x0000000100000000)
  region size 1024K, 7 young (7168K), 2 survivors (2048K)
 Metaspace       used 93132K, committed 94208K, reserved 557056K
  class space    used 13049K, committed 13568K, reserved 425984K
}
Event: 120.224 GC heap after
{Heap after GC invocations=74 (full 0):
 garbage-first heap   total 276480K, used 163901K [0x0000000080000000, 0x0000000100000000)
  region size 1024K, 2 young (2048K), 2 survivors (2048K)
 Metaspace       used 93132K, committed 94208K, reserved 557056K
  class space    used 13049K, committed 13568K, reserved 425984K
}
Event: 121.974 GC heap before
{Heap before GC invocations=75 (full 0):
 garbage-first heap   total 285696K, used 214077K [0x0000000080000000, 0x0000000100000000)
  region size 1024K, 49 young (50176K), 2 survivors (2048K)
 Metaspace       used 95032K, committed 96128K, reserved 557056K
  class space    used 13319K, committed 13824K, reserved 425984K
}
Event: 121.983 GC heap after
{Heap after GC invocations=76 (full 0):
 garbage-first heap   total 285696K, used 172642K [0x0000000080000000, 0x0000000100000000)
  region size 1024K, 7 young (7168K), 7 survivors (7168K)
 Metaspace       used 95032K, committed 96128K, reserved 557056K
  class space    used 13319K, committed 13824K, reserved 425984K
}
Event: 122.079 GC heap before
{Heap before GC invocations=76 (full 0):
 garbage-first heap   total 285696K, used 177762K [0x0000000080000000, 0x0000000100000000)
  region size 1024K, 13 young (13312K), 7 survivors (7168K)
 Metaspace       used 95648K, committed 96704K, reserved 557056K
  class space    used 13403K, committed 13888K, reserved 425984K
}
Event: 122.086 GC heap after
{Heap after GC invocations=77 (full 0):
 garbage-first heap   total 285696K, used 172841K [0x0000000080000000, 0x0000000100000000)
  region size 1024K, 1 young (1024K), 1 survivors (1024K)
 Metaspace       used 95648K, committed 96704K, reserved 557056K
  class space    used 13403K, committed 13888K, reserved 425984K
}
Event: 123.859 GC heap before
{Heap before GC invocations=77 (full 0):
 garbage-first heap   total 285696K, used 221993K [0x0000000080000000, 0x0000000100000000)
  region size 1024K, 49 young (50176K), 1 survivors (1024K)
 Metaspace       used 98550K, committed 99648K, reserved 557056K
  class space    used 13830K, committed 14400K, reserved 425984K
}
Event: 123.872 GC heap after
{Heap after GC invocations=78 (full 0):
 garbage-first heap   total 349184K, used 176494K [0x0000000080000000, 0x0000000100000000)
  region size 1024K, 5 young (5120K), 5 survivors (5120K)
 Metaspace       used 98550K, committed 99648K, reserved 557056K
  class space    used 13830K, committed 14400K, reserved 425984K
}
Event: 126.704 GC heap before
{Heap before GC invocations=79 (full 0):
 garbage-first heap   total 349184K, used 252270K [0x0000000080000000, 0x0000000100000000)
  region size 1024K, 79 young (80896K), 5 survivors (5120K)
 Metaspace       used 100062K, committed 101248K, reserved 557056K
  class space    used 13985K, committed 14528K, reserved 425984K
}
Event: 126.732 GC heap after
{Heap after GC invocations=80 (full 0):
 garbage-first heap   total 349184K, used 184931K [0x0000000080000000, 0x0000000100000000)
  region size 1024K, 10 young (10240K), 10 survivors (10240K)
 Metaspace       used 100062K, committed 101248K, reserved 557056K
  class space    used 13985K, committed 14528K, reserved 425984K
}
Event: 126.924 GC heap before
{Heap before GC invocations=80 (full 0):
 garbage-first heap   total 349184K, used 192099K [0x0000000080000000, 0x0000000100000000)
  region size 1024K, 17 young (17408K), 10 survivors (10240K)
 Metaspace       used 100091K, committed 101248K, reserved 557056K
  class space    used 13985K, committed 14528K, reserved 425984K
}
Event: 126.941 GC heap after
{Heap after GC invocations=81 (full 0):
 garbage-first heap   total 349184K, used 186465K [0x0000000080000000, 0x0000000100000000)
  region size 1024K, 2 young (2048K), 2 survivors (2048K)
 Metaspace       used 100091K, committed 101248K, reserved 557056K
  class space    used 13985K, committed 14528K, reserved 425984K
}
Event: 129.236 GC heap before
{Heap before GC invocations=81 (full 0):
 garbage-first heap   total 349184K, used 260193K [0x0000000080000000, 0x0000000100000000)
  region size 1024K, 75 young (76800K), 2 survivors (2048K)
 Metaspace       used 101410K, committed 102592K, reserved 557056K
  class space    used 14203K, committed 14784K, reserved 425984K
}
Event: 129.249 GC heap after
{Heap after GC invocations=82 (full 0):
 garbage-first heap   total 349184K, used 192850K [0x0000000080000000, 0x0000000100000000)
  region size 1024K, 9 young (9216K), 9 survivors (9216K)
 Metaspace       used 101410K, committed 102592K, reserved 557056K
  class space    used 14203K, committed 14784K, reserved 425984K
}
Event: 135.742 GC heap before
{Heap before GC invocations=83 (full 0):
 garbage-first heap   total 349184K, used 266578K [0x0000000080000000, 0x0000000100000000)
  region size 1024K, 82 young (83968K), 9 survivors (9216K)
 Metaspace       used 102024K, committed 103232K, reserved 557056K
  class space    used 14266K, committed 14848K, reserved 425984K
}
Event: 135.756 GC heap after
{Heap after GC invocations=84 (full 0):
 garbage-first heap   total 349184K, used 197891K [0x0000000080000000, 0x0000000100000000)
  region size 1024K, 6 young (6144K), 6 survivors (6144K)
 Metaspace       used 102024K, committed 103232K, reserved 557056K
  class space    used 14266K, committed 14848K, reserved 425984K
}
Event: 135.892 GC heap before
{Heap before GC invocations=84 (full 0):
 garbage-first heap   total 349184K, used 209155K [0x0000000080000000, 0x0000000100000000)
  region size 1024K, 17 young (17408K), 6 survivors (6144K)
 Metaspace       used 102047K, committed 103232K, reserved 557056K
  class space    used 14266K, committed 14848K, reserved 425984K
}
Event: 135.899 GC heap after
{Heap after GC invocations=85 (full 0):
 garbage-first heap   total 349184K, used 198573K [0x0000000080000000, 0x0000000100000000)
  region size 1024K, 2 young (2048K), 2 survivors (2048K)
 Metaspace       used 102047K, committed 103232K, reserved 557056K
  class space    used 14266K, committed 14848K, reserved 425984K
}

